<?xml version="1.0" encoding="UTF-8"?>
<!-- Generated by org.testng.reporters.JUnitXMLReporter -->
<testsuite hostname="DESKTOP-KLC8PJT" name="Guest Checkout with Promo 5OFF + Sample + Cart Special" tests="11" failures="0" timestamp="7 Dec 2017 22:27:19 GMT" time="1539.888" errors="0">
  <testcase name="Guest_USA_Checkout_Sample_CartSpecial" time="148.116" classname="com.tarte.script.Guestcheckout2$GuestTest"/>
  <testcase name="Guest_CANADA_Checkout_Sample_CartSpecial" time="138.369" classname="com.tarte.script.Guestcheckout2$GuestTest"/>
  <testcase name="Guest_UNITEDKINGDOM_Checkout_Sample_CartSpecial" time="153.376" classname="com.tarte.script.Guestcheckout2$GuestTest"/>
  <testcase name="Guest_GERMANY_Checkout_Sample_CartSpecial" time="136.853" classname="com.tarte.script.Guestcheckout2$GuestTest"/>
  <testcase name="Guest_FRANCE_Checkout_Sample_CartSpecial" time="124.24" classname="com.tarte.script.Guestcheckout2$GuestTest"/>
  <testcase name="Guest_AUSTRALIA_Checkout_Sample_CartSpecial" time="128.188" classname="com.tarte.script.Guestcheckout2$GuestTest"/>
  <testcase name="Guest_SAUDIARABIA_Checkout_Sample_CartSpecial" time="127.364" classname="com.tarte.script.Guestcheckout2$GuestTest"/>
  <testcase name="Guest_UNITERARABEMIRATES_Checkout_Sample_CartSpecial" time="148.353" classname="com.tarte.script.Guestcheckout2$GuestTest"/>
  <testcase name="Guest_MALAYSIA_Checkout_Sample_CartSpecial" time="129.266" classname="com.tarte.script.Guestcheckout2$GuestTest"/>
  <testcase name="Guest_SINGAPORE_Checkout_Sample_CartSpecial" time="132.919" classname="com.tarte.script.Guestcheckout2$GuestTest"/>
  <testcase name="Guest_KUWAIT_Checkout_Sample_CartSpecial" time="128.408" classname="com.tarte.script.Guestcheckout2$GuestTest"/>
</testsuite> <!-- Guest Checkout with Promo 5OFF + Sample + Cart Special -->
