<?xml version="1.0" encoding="UTF-8"?>
<!-- Generated by org.testng.reporters.JUnitXMLReporter -->
<testsuite hostname="PSharma-ARK09RR7" ignored="0" name="Test 2" tests="5" failures="0" timestamp="02 Apr 2018 14:48:10 GMT" time="581.494" errors="0">
  <testcase name="reg_Promo_CreditCard" time="119.795" classname="RegisteredCheckoutScenarios.Locale_Kuwait"/>
  <testcase name="reg_Promo_CreditCard" time="109.343" classname="RegisteredCheckoutScenarios.Locale_USA"/>
  <testcase name="reg_Promo_CreditCard" time="101.316" classname="RegisteredCheckoutScenarios.Locale_Germany"/>
  <testcase name="reg_Promo_CreditCard" time="113.6" classname="RegisteredCheckoutScenarios.Locale_Australia"/>
  <testcase name="reg_Promo_CreditCard" time="137.401" classname="RegisteredCheckoutScenarios.Locale_UnitedArabEmirates"/>
</testsuite> <!-- Test 2 -->
