<?xml version="1.0" encoding="UTF-8"?>
<!-- Generated by org.testng.reporters.JUnitXMLReporter -->
<testsuite hostname="PSharma-ARK09RR7" ignored="1" name="Default test" tests="1" failures="0" timestamp="18 Apr 2018 23:39:08 GMT" time="55.66" errors="0">
  <testcase name="EGCCheckout" time="55.631" classname="RegisteredCheckoutScenarios.Locale_USA"/>
  <testcase name="reg_Promo_CreditCard" time="0.0" classname="RegisteredCheckoutScenarios.Locale_USA">
    <ignored/>
  </testcase> <!-- reg_Promo_CreditCard -->
</testsuite> <!-- Default test -->
