<?xml version="1.0" encoding="UTF-8"?>
<testng-results skipped="0" failed="0" ignored="1" total="2" passed="1">
  <reporter-output>
    <line>
      <![CDATA[STEP1]]>
    </line>
  </reporter-output>
  <suite name="Default suite" duration-ms="55660" started-at="2018-04-18T23:38:13Z" finished-at="2018-04-18T23:39:08Z">
    <groups>
    </groups>
    <test name="Default test" duration-ms="55660" started-at="2018-04-18T23:38:13Z" finished-at="2018-04-18T23:39:08Z">
      <class name="RegisteredCheckoutScenarios.Locale_USA">
        <test-method status="PASS" signature="EGCCheckout()[pri:0, instance:RegisteredCheckoutScenarios.Locale_USA@7e9a5fbe]" name="EGCCheckout" duration-ms="55631" started-at="2018-04-18T23:38:13Z" finished-at="2018-04-18T23:39:08Z">
          <reporter-output>
            <line>
              <![CDATA[STEP1]]>
            </line>
          </reporter-output>
        </test-method> <!-- EGCCheckout -->
      </class> <!-- RegisteredCheckoutScenarios.Locale_USA -->
    </test> <!-- Default test -->
  </suite> <!-- Default suite -->
</testng-results>
